<?xml version="1.0" encoding="UTF-8"?>
<!-- Generated by org.testng.reporters.JUnitReportReporter -->
<testsuite hostname="sheridan-PC" name="com.mlb.Assesment.MlbProject.FlowTwoPrice" tests="1" failures="0" timestamp="6 Mar 2016 22:58:05 GMT" time="14.596" errors="0">
  <testcase name="price" time="14.596" classname="com.mlb.Assesment.MlbProject.FlowTwoPrice"/>
</testsuite> <!-- com.mlb.Assesment.MlbProject.FlowTwoPrice -->
