<?xml version="1.0" encoding="UTF-8"?>
<!-- Generated by org.testng.reporters.JUnitReportReporter -->
<testsuite hostname="sheridan-PC" name="com.mlb.Assesment.MlbProject.FlowOneLogin" tests="3" failures="0" timestamp="7 Mar 2016 01:19:48 GMT" time="16.747" errors="0">
  <testcase name="IncorectUsername" time="3.279" classname="com.mlb.Assesment.MlbProject.FlowOneLogin"/>
  <testcase name="IncorectPassword" time="7.850" classname="com.mlb.Assesment.MlbProject.FlowOneLogin"/>
  <testcase name="Login" time="5.618" classname="com.mlb.Assesment.MlbProject.FlowOneLogin"/>
</testsuite> <!-- com.mlb.Assesment.MlbProject.FlowOneLogin -->
